SF:lib/domain/usecases/get_top_rated_movies.dart
DA:9,1
DA:11,1
DA:12,2
LF:3
LH:3
end_of_record
SF:lib/domain/usecases/get_now_playing_movies.dart
DA:9,1
DA:11,1
DA:12,2
LF:3
LH:3
end_of_record
SF:lib/domain/usecases/get_movie_detail.dart
DA:9,1
DA:11,1
DA:12,2
LF:3
LH:3
end_of_record
SF:lib/domain/usecases/get_movie_recommendations.dart
DA:9,1
DA:11,1
DA:12,2
LF:3
LH:3
end_of_record
SF:lib/domain/usecases/save_movie_watchlist.dart
DA:9,1
DA:11,1
DA:12,2
LF:3
LH:3
end_of_record
SF:lib/presentation/bloc/movie_detail_cubit.dart
DA:20,1
DA:26,1
DA:27,1
DA:31,1
DA:40,1
DA:41,1
DA:42,2
DA:46,3
DA:47,3
DA:48,3
DA:49,1
DA:50,1
DA:51,1
DA:52,2
DA:53,1
DA:58,1
DA:59,1
DA:60,2
DA:64,1
DA:68,1
DA:69,1
DA:70,1
DA:71,2
DA:72,1
DA:74,1
DA:79,0
DA:80,0
DA:81,0
DA:93,1
DA:94,3
DA:95,1
DA:96,1
DA:97,1
DA:98,2
DA:100,1
DA:104,1
DA:105,1
DA:106,2
DA:115,1
DA:116,3
DA:117,1
DA:118,1
DA:119,1
DA:120,2
DA:122,1
DA:126,1
DA:127,1
DA:128,2
DA:137,0
DA:138,0
DA:139,0
LF:51
LH:45
end_of_record
SF:lib/presentation/bloc/movie_detail_state.dart
DA:16,1
DA:26,1
DA:35,1
DA:36,1
DA:37,1
DA:38,1
DA:39,1
DA:40,1
DA:41,1
DA:42,1
DA:46,1
DA:47,1
DA:48,1
DA:49,1
DA:50,1
DA:51,1
DA:52,1
DA:53,1
DA:54,1
LF:19
LH:19
end_of_record
SF:lib/presentation/pages/movie_detail_page.dart
DA:20,1
DA:22,1
DA:23,1
DA:27,1
DA:29,1
DA:30,2
DA:31,2
DA:32,3
DA:33,0
DA:41,1
DA:43,1
DA:44,1
DA:45,0
DA:46,0
DA:47,0
DA:48,0
DA:50,0
DA:51,0
DA:52,0
DA:53,0
DA:54,0
DA:55,0
DA:64,0
DA:99,0
DA:101,0
DA:103,0
DA:104,0
DA:105,0
DA:106,0
DA:107,0
DA:109,0
DA:110,0
DA:112,0
DA:114,0
DA:116,0
DA:117,0
DA:118,0
DA:119,0
DA:121,0
DA:128,0
DA:129,0
DA:130,0
DA:132,0
DA:134,0
DA:136,0
DA:137,0
DA:138,0
DA:139,0
DA:141,0
DA:142,0
DA:143,0
DA:144,0
DA:150,0
DA:156,0
DA:157,0
DA:158,0
DA:160,0
DA:163,0
DA:164,0
DA:165,0
DA:167,0
DA:168,0
DA:169,0
DA:170,0
DA:198,0
DA:200,0
DA:201,0
DA:202,0
DA:203,0
DA:204,0
DA:208,0
DA:209,0
DA:211,0
DA:212,0
DA:214,0
DA:215,0
DA:216,0
DA:217,0
DA:219,0
DA:225,0
DA:228,0
DA:229,0
DA:231,0
DA:233,0
DA:234,0
DA:236,0
DA:237,0
DA:239,0
DA:241,0
DA:242,0
DA:244,0
DA:246,0
DA:247,0
DA:248,0
DA:250,0
DA:251,0
DA:252,0
DA:255,0
DA:258,0
DA:259,0
DA:260,0
DA:262,0
DA:263,0
DA:265,0
DA:266,0
DA:267,0
DA:269,0
DA:272,0
DA:273,0
DA:279,0
DA:348,0
DA:350,0
DA:365,0
DA:367,0
DA:370,0
DA:371,0
DA:372,0
DA:373,0
DA:382,0
DA:384,0
DA:385,0
DA:388,0
DA:392,0
DA:395,0
DA:396,0
DA:397,0
DA:399,0
DA:400,0
DA:402,0
LF:129
LH:11
end_of_record
SF:lib/presentation/provider/movie_detail_notifier.dart
DA:22,1
DA:31,2
DA:34,2
DA:37,2
DA:40,2
DA:43,2
DA:46,2
DA:48,1
DA:49,1
DA:50,1
DA:51,3
DA:52,3
DA:53,1
DA:54,1
DA:55,1
DA:56,2
DA:57,1
DA:59,1
DA:60,1
DA:61,1
DA:62,1
DA:63,1
DA:64,1
DA:65,1
DA:66,2
DA:68,1
DA:69,1
DA:70,1
DA:73,1
DA:74,1
DA:80,2
DA:82,1
DA:83,3
DA:85,2
DA:86,1
DA:87,2
DA:89,1
DA:90,1
DA:94,3
DA:97,1
DA:98,4
DA:100,2
DA:101,0
DA:102,0
DA:104,1
DA:105,1
DA:109,3
DA:112,1
DA:113,3
DA:114,1
DA:115,1
LF:51
LH:49
end_of_record
SF:lib/domain/usecases/get_popular_movies.dart
DA:9,1
DA:11,1
DA:12,2
LF:3
LH:3
end_of_record
SF:lib/domain/usecases/search_movies.dart
DA:9,1
DA:11,1
DA:12,2
LF:3
LH:3
end_of_record
SF:lib/presentation/provider/popular_movies_notifier.dart
DA:9,1
DA:12,2
DA:15,2
DA:18,2
DA:20,1
DA:21,1
DA:22,1
DA:24,3
DA:26,1
DA:27,1
DA:28,2
DA:29,1
DA:30,1
DA:32,1
DA:33,1
DA:34,1
DA:35,1
LF:17
LH:17
end_of_record
SF:lib/presentation/provider/movie_search_notifier.dart
DA:9,1
DA:12,2
DA:15,2
DA:18,2
DA:20,1
DA:21,1
DA:22,1
DA:24,3
DA:25,1
DA:26,1
DA:27,2
DA:28,1
DA:29,1
DA:31,1
DA:32,1
DA:33,1
DA:34,1
LF:17
LH:17
end_of_record
SF:lib/presentation/provider/movie_list_notifier.dart
DA:10,2
DA:13,2
DA:16,2
DA:19,2
DA:22,2
DA:25,2
DA:28,2
DA:30,1
DA:40,1
DA:41,1
DA:42,1
DA:44,3
DA:45,1
DA:46,1
DA:47,1
DA:48,2
DA:49,1
DA:51,1
DA:52,1
DA:53,1
DA:54,1
DA:59,1
DA:60,1
DA:61,1
DA:63,3
DA:64,1
DA:65,1
DA:66,1
DA:67,2
DA:68,1
DA:70,1
DA:71,1
DA:72,1
DA:73,1
DA:78,1
DA:79,1
DA:80,1
DA:82,3
DA:83,1
DA:84,1
DA:85,1
DA:86,2
DA:87,1
DA:89,1
DA:90,1
DA:91,1
DA:92,1
LF:47
LH:47
end_of_record
SF:lib/presentation/provider/top_rated_movies_notifier.dart
DA:9,1
DA:12,2
DA:15,2
DA:18,2
DA:20,1
DA:21,1
DA:22,1
DA:24,3
DA:26,1
DA:27,1
DA:28,2
DA:29,1
DA:30,1
DA:32,1
DA:33,1
DA:34,1
DA:35,1
LF:17
LH:17
end_of_record
SF:lib/presentation/bloc/movie_home_cubit.dart
DA:15,1
DA:19,1
DA:20,1
DA:23,1
DA:25,1
DA:27,1
DA:31,1
DA:32,1
DA:33,2
DA:37,3
DA:38,1
DA:39,1
DA:40,1
DA:41,2
DA:42,1
DA:47,1
DA:48,1
DA:49,2
DA:58,1
DA:59,1
DA:60,2
DA:64,3
DA:65,1
DA:66,1
DA:67,1
DA:68,2
DA:69,1
DA:74,1
DA:75,1
DA:76,2
DA:85,1
DA:86,1
DA:87,2
DA:91,3
DA:92,1
DA:93,1
DA:94,1
DA:95,2
DA:96,1
DA:101,1
DA:102,1
DA:103,2
LF:42
LH:42
end_of_record
SF:lib/presentation/bloc/movie_home_state.dart
DA:15,1
DA:25,1
DA:34,1
DA:35,1
DA:36,1
DA:37,1
DA:38,1
DA:39,1
DA:40,1
DA:41,1
DA:45,1
DA:46,1
DA:47,1
DA:48,1
DA:49,1
DA:50,1
DA:51,1
DA:52,1
DA:53,1
LF:19
LH:19
end_of_record
SF:lib/presentation/bloc/movie_popular_cubit.dart
DA:11,1
DA:13,1
DA:14,1
DA:17,1
DA:21,1
DA:22,1
DA:23,2
DA:27,3
DA:28,1
DA:29,1
DA:30,1
DA:31,2
DA:32,1
DA:37,1
DA:38,1
DA:39,2
LF:16
LH:16
end_of_record
SF:lib/presentation/bloc/movie_popular_state.dart
DA:11,1
DA:17,1
DA:22,1
DA:23,1
DA:24,0
DA:25,1
DA:29,1
DA:30,1
DA:31,1
DA:32,1
DA:33,1
LF:11
LH:10
end_of_record
SF:lib/presentation/bloc/movie_top_rated_cubit.dart
DA:11,1
DA:13,1
DA:14,1
DA:17,1
DA:21,1
DA:22,1
DA:23,2
DA:27,3
DA:28,1
DA:29,1
DA:30,1
DA:31,2
DA:32,1
DA:37,1
DA:38,1
DA:39,2
LF:16
LH:16
end_of_record
SF:lib/presentation/bloc/movie_top_rated_state.dart
DA:11,1
DA:17,1
DA:22,1
DA:23,1
DA:24,0
DA:25,1
DA:29,1
DA:30,1
DA:31,1
DA:32,1
DA:33,1
LF:11
LH:10
end_of_record
SF:lib/presentation/bloc/movie_search_cubit.dart
DA:11,1
DA:13,1
DA:14,1
DA:17,1
DA:21,1
DA:22,1
DA:23,2
DA:26,1
DA:29,3
DA:30,1
DA:31,1
DA:32,1
DA:33,2
DA:34,1
DA:39,1
DA:40,1
DA:41,2
LF:17
LH:17
end_of_record
SF:lib/presentation/bloc/movie_search_state.dart
DA:11,1
DA:17,1
DA:22,1
DA:23,1
DA:24,0
DA:25,1
DA:29,1
DA:30,1
DA:31,1
DA:32,1
DA:33,1
LF:11
LH:10
end_of_record
