SF:lib/domain/usecases/save_movie_watchlist.dart
DA:9,1
DA:11,1
DA:12,2
LF:3
LH:3
end_of_record
SF:lib/domain/usecases/get_movie_detail.dart
DA:9,1
DA:11,1
DA:12,2
LF:3
LH:3
end_of_record
SF:lib/domain/usecases/get_movie_recommendations.dart
DA:9,1
DA:11,1
DA:12,2
LF:3
LH:3
end_of_record
SF:lib/domain/usecases/search_movies.dart
DA:9,1
DA:11,1
DA:12,2
LF:3
LH:3
end_of_record
SF:lib/presentation/bloc/movie_detail_cubit.dart
DA:20,1
DA:26,1
DA:27,1
DA:32,1
DA:41,1
DA:42,1
DA:43,2
DA:47,2
DA:48,2
DA:49,2
DA:50,1
DA:51,1
DA:52,1
DA:53,2
DA:54,1
DA:59,1
DA:60,1
DA:61,2
DA:65,1
DA:69,1
DA:70,1
DA:71,1
DA:72,2
DA:73,1
DA:75,1
DA:80,1
DA:81,1
DA:82,2
DA:94,1
DA:95,2
DA:96,1
DA:97,1
DA:98,1
DA:99,2
DA:101,1
DA:105,1
DA:106,1
DA:107,2
DA:116,1
DA:117,2
DA:118,1
DA:119,1
DA:120,1
DA:121,2
DA:123,1
DA:127,1
DA:128,1
DA:129,2
DA:138,1
DA:139,2
DA:140,3
LF:51
LH:51
end_of_record
SF:lib/presentation/bloc/movie_detail_state.dart
DA:17,2
DA:27,2
DA:36,2
DA:37,2
DA:38,2
DA:39,2
DA:40,2
DA:41,2
DA:42,1
DA:43,2
DA:47,1
DA:48,1
DA:49,1
DA:50,1
DA:51,1
DA:52,1
DA:53,1
DA:54,1
DA:55,1
LF:19
LH:19
end_of_record
SF:lib/presentation/bloc/movie_search_cubit.dart
DA:11,1
DA:13,1
DA:14,1
DA:17,1
DA:21,1
DA:22,1
DA:23,2
DA:26,1
DA:29,2
DA:30,1
DA:31,1
DA:32,1
DA:33,2
DA:34,1
DA:39,1
DA:40,1
DA:41,2
LF:17
LH:17
end_of_record
SF:lib/presentation/bloc/movie_search_state.dart
DA:11,4
DA:17,2
DA:22,2
DA:23,2
DA:24,1
DA:25,1
DA:29,1
DA:30,1
DA:31,1
DA:32,1
DA:33,1
LF:11
LH:11
end_of_record
SF:lib/presentation/pages/movie_detail_page.dart
DA:16,1
DA:18,1
DA:19,1
DA:23,1
DA:25,1
DA:26,2
DA:27,2
DA:28,3
DA:29,3
DA:38,1
DA:40,1
DA:41,1
DA:42,1
DA:43,3
DA:44,2
DA:45,2
DA:46,2
DA:48,2
DA:49,3
DA:52,1
DA:53,1
DA:54,1
DA:55,2
DA:61,1
DA:62,3
DA:63,2
DA:65,1
DA:66,2
DA:70,2
DA:71,1
DA:72,1
DA:73,1
DA:74,1
DA:75,1
DA:80,2
DA:81,1
DA:82,1
DA:83,1
DA:90,1
DA:123,1
DA:132,1
DA:134,3
DA:135,1
DA:136,1
DA:137,1
DA:138,3
DA:140,1
DA:143,0
DA:145,1
DA:147,1
DA:148,1
DA:149,1
DA:159,1
DA:160,1
DA:161,1
DA:163,1
DA:165,1
DA:167,1
DA:168,1
DA:169,2
DA:170,1
DA:172,1
DA:174,1
DA:175,1
DA:176,1
DA:177,3
DA:183,1
DA:184,4
DA:232,1
DA:234,1
DA:235,1
DA:242,1
DA:243,3
DA:245,1
DA:246,3
DA:248,1
DA:249,1
DA:250,1
DA:251,3
DA:253,1
DA:259,4
DA:263,1
DA:265,1
DA:267,1
DA:268,2
DA:271,1
DA:273,1
DA:275,2
DA:342,1
DA:344,1
DA:359,1
DA:361,1
DA:364,1
DA:366,0
DA:367,0
DA:376,1
DA:377,1
DA:379,1
DA:382,1
DA:384,1
DA:385,1
DA:386,1
DA:388,1
DA:389,0
DA:390,0
DA:393,0
DA:396,1
DA:400,1
DA:403,2
DA:404,1
DA:410,0
DA:417,1
DA:423,1
DA:430,1
DA:432,2
DA:433,3
DA:436,1
DA:440,3
DA:443,1
DA:444,1
DA:445,1
DA:447,1
DA:448,1
DA:450,0
LF:124
LH:116
end_of_record
SF:lib/presentation/pages/search_movie_page.dart
DA:14,1
DA:16,1
DA:18,1
DA:19,1
DA:22,1
DA:24,1
DA:26,1
DA:27,1
DA:29,1
DA:30,2
DA:40,1
DA:42,1
DA:44,1
DA:45,1
DA:46,2
DA:50,2
DA:51,1
DA:52,1
DA:54,1
DA:56,1
DA:57,1
DA:58,1
DA:60,1
DA:64,1
DA:66,1
LF:25
LH:25
end_of_record
SF:lib/presentation/provider/movie_search_notifier.dart
DA:9,1
DA:12,2
DA:15,2
DA:18,2
DA:20,1
DA:21,1
DA:22,1
DA:24,2
DA:25,1
DA:26,1
DA:27,2
DA:28,1
DA:29,1
DA:31,1
DA:32,1
DA:33,1
DA:34,1
LF:17
LH:17
end_of_record
SF:lib/presentation/widget/movie_card.dart
DA:11,3
DA:13,3
DA:15,3
DA:17,3
DA:18,0
DA:19,0
DA:22,0
DA:25,3
DA:27,3
DA:28,3
DA:29,3
DA:35,3
DA:37,3
DA:38,3
DA:39,6
DA:42,3
DA:44,3
DA:45,3
DA:46,6
DA:54,3
DA:59,3
DA:60,3
DA:61,9
DA:63,6
DA:64,3
DA:66,0
DA:68,6
LF:27
LH:23
end_of_record
SF:lib/domain/usecases/get_top_rated_movies.dart
DA:9,1
DA:11,1
DA:12,2
LF:3
LH:3
end_of_record
SF:lib/presentation/bloc/movie_top_rated_cubit.dart
DA:11,1
DA:13,1
DA:14,1
DA:17,1
DA:21,1
DA:22,1
DA:23,2
DA:27,2
DA:28,1
DA:29,1
DA:30,1
DA:31,2
DA:32,1
DA:37,1
DA:38,1
DA:39,2
LF:16
LH:16
end_of_record
SF:lib/presentation/bloc/movie_top_rated_state.dart
DA:11,4
DA:17,2
DA:22,2
DA:23,2
DA:24,1
DA:25,1
DA:29,1
DA:30,1
DA:31,1
DA:32,1
DA:33,1
LF:11
LH:11
end_of_record
SF:lib/presentation/pages/top_rated_movies_page.dart
DA:13,1
DA:14,1
DA:18,1
DA:20,1
DA:21,2
DA:22,3
DA:28,1
DA:30,1
DA:31,1
DA:32,1
DA:34,1
DA:36,1
DA:37,1
DA:38,2
DA:39,1
DA:40,1
DA:42,2
DA:43,1
DA:44,1
DA:45,2
DA:46,1
DA:48,2
DA:51,1
DA:52,1
DA:53,2
LF:25
LH:25
end_of_record
SF:lib/presentation/provider/top_rated_movies_notifier.dart
DA:9,1
DA:12,2
DA:15,2
DA:18,2
DA:20,1
DA:21,1
DA:22,1
DA:24,2
DA:26,1
DA:27,1
DA:28,2
DA:29,1
DA:30,1
DA:32,1
DA:33,1
DA:34,1
DA:35,1
LF:17
LH:17
end_of_record
SF:lib/domain/usecases/get_now_playing_movies.dart
DA:9,1
DA:11,1
DA:12,2
LF:3
LH:3
end_of_record
SF:lib/domain/usecases/get_popular_movies.dart
DA:9,1
DA:11,1
DA:12,2
LF:3
LH:3
end_of_record
SF:lib/presentation/provider/popular_movies_notifier.dart
DA:9,1
DA:12,2
DA:15,2
DA:18,2
DA:20,1
DA:21,1
DA:22,1
DA:24,2
DA:26,1
DA:27,1
DA:28,2
DA:29,1
DA:30,1
DA:32,1
DA:33,1
DA:34,1
DA:35,1
LF:17
LH:17
end_of_record
SF:lib/presentation/provider/movie_detail_notifier.dart
DA:22,1
DA:31,2
DA:34,2
DA:37,2
DA:40,2
DA:43,2
DA:46,2
DA:48,1
DA:49,1
DA:50,1
DA:51,2
DA:52,2
DA:53,1
DA:54,1
DA:55,1
DA:56,2
DA:57,1
DA:59,1
DA:60,1
DA:61,1
DA:62,1
DA:63,1
DA:64,1
DA:65,1
DA:66,2
DA:68,1
DA:69,1
DA:70,1
DA:73,1
DA:74,1
DA:80,2
DA:82,1
DA:83,2
DA:85,1
DA:86,1
DA:87,2
DA:89,1
DA:90,1
DA:94,2
DA:97,1
DA:98,3
DA:100,1
DA:101,0
DA:102,0
DA:104,1
DA:105,1
DA:109,2
DA:112,1
DA:113,2
DA:114,1
DA:115,1
LF:51
LH:49
end_of_record
SF:lib/presentation/provider/movie_list_notifier.dart
DA:10,2
DA:13,2
DA:16,2
DA:19,2
DA:22,2
DA:25,2
DA:28,2
DA:30,1
DA:40,1
DA:41,1
DA:42,1
DA:44,2
DA:45,1
DA:46,1
DA:47,1
DA:48,2
DA:49,1
DA:51,1
DA:52,1
DA:53,1
DA:54,1
DA:59,1
DA:60,1
DA:61,1
DA:63,2
DA:64,1
DA:65,1
DA:66,1
DA:67,2
DA:68,1
DA:70,1
DA:71,1
DA:72,1
DA:73,1
DA:78,1
DA:79,1
DA:80,1
DA:82,2
DA:83,1
DA:84,1
DA:85,1
DA:86,2
DA:87,1
DA:89,1
DA:90,1
DA:91,1
DA:92,1
LF:47
LH:47
end_of_record
SF:lib/presentation/bloc/movie_home_cubit.dart
DA:15,1
DA:19,1
DA:31,1
DA:32,1
DA:33,2
DA:37,2
DA:38,1
DA:39,1
DA:40,1
DA:41,2
DA:42,1
DA:47,1
DA:48,1
DA:49,2
DA:58,1
DA:59,1
DA:60,2
DA:64,2
DA:65,1
DA:66,1
DA:67,1
DA:68,2
DA:69,1
DA:74,1
DA:75,1
DA:76,2
DA:85,1
DA:86,1
DA:87,2
DA:91,2
DA:92,1
DA:93,1
DA:94,1
DA:95,2
DA:96,1
DA:101,1
DA:102,1
DA:103,2
LF:38
LH:38
end_of_record
SF:lib/presentation/bloc/movie_home_state.dart
DA:15,6
DA:25,1
DA:34,1
DA:35,1
DA:36,1
DA:37,1
DA:38,1
DA:39,1
DA:40,1
DA:41,1
DA:45,1
DA:46,1
DA:47,1
DA:48,1
DA:49,1
DA:50,1
DA:51,1
DA:52,1
DA:53,1
LF:19
LH:19
end_of_record
SF:lib/presentation/pages/home_movie_page.dart
DA:16,1
DA:18,1
DA:19,1
DA:24,1
DA:26,1
DA:27,2
DA:28,2
DA:29,1
DA:30,1
DA:31,1
DA:36,1
DA:38,1
DA:40,1
DA:42,1
DA:43,1
DA:51,1
DA:55,0
DA:56,0
DA:59,1
DA:63,0
DA:64,0
DA:67,1
DA:71,0
DA:72,0
DA:75,1
DA:77,0
DA:78,0
DA:86,1
DA:88,1
DA:89,1
DA:90,0
DA:91,0
DA:97,1
DA:99,1
DA:100,1
DA:102,1
DA:103,1
DA:105,1
DA:107,1
DA:108,1
DA:109,1
DA:110,1
DA:115,1
DA:116,1
DA:118,1
DA:137,1
DA:139,0
DA:140,0
DA:142,1
DA:143,1
DA:144,1
DA:145,1
DA:150,1
DA:151,1
DA:153,1
DA:172,1
DA:174,0
DA:175,0
DA:177,1
DA:178,1
DA:179,1
DA:180,1
DA:185,1
DA:186,1
DA:188,1
DA:214,1
DA:215,1
DA:217,1
DA:218,1
DA:220,1
DA:222,1
DA:224,1
DA:226,1
DA:239,1
DA:244,1
DA:246,1
DA:248,1
DA:250,1
DA:251,2
DA:252,1
DA:254,1
DA:255,0
DA:256,0
DA:259,0
DA:262,1
DA:264,1
DA:265,2
DA:266,1
DA:269,0
DA:275,2
LF:90
LH:72
end_of_record
SF:lib/presentation/bloc/movie_popular_cubit.dart
DA:11,1
DA:13,1
DA:14,1
DA:17,1
DA:21,1
DA:22,1
DA:23,2
DA:27,2
DA:28,1
DA:29,1
DA:30,1
DA:31,2
DA:32,1
DA:37,1
DA:38,1
DA:39,2
LF:16
LH:16
end_of_record
SF:lib/presentation/bloc/movie_popular_state.dart
DA:11,4
DA:17,2
DA:22,2
DA:23,2
DA:24,1
DA:25,1
DA:29,1
DA:30,1
DA:31,1
DA:32,1
DA:33,1
LF:11
LH:11
end_of_record
SF:lib/presentation/pages/popular_movies_page.dart
DA:13,1
DA:15,1
DA:16,1
DA:20,1
DA:22,1
DA:23,2
DA:24,3
DA:30,1
DA:32,1
DA:33,1
DA:36,1
DA:38,1
DA:39,1
DA:42,2
DA:46,2
DA:47,1
DA:48,1
DA:49,2
DA:50,1
DA:52,2
DA:55,1
DA:57,2
LF:22
LH:22
end_of_record
