SF:lib/domain/usecases/get_popular_tvs.dart
DA:9,1
DA:11,1
DA:12,2
LF:3
LH:3
end_of_record
SF:lib/domain/usecases/get_top_rated_tvs.dart
DA:9,1
DA:11,1
DA:12,2
LF:3
LH:3
end_of_record
SF:lib/domain/usecases/search_tvs.dart
DA:9,1
DA:11,1
DA:12,2
LF:3
LH:3
end_of_record
SF:lib/domain/usecases/save_tv_watchlist.dart
DA:9,1
DA:11,1
DA:12,2
LF:3
LH:3
end_of_record
SF:lib/domain/usecases/get_now_playing_tvs.dart
DA:9,1
DA:11,1
DA:12,2
LF:3
LH:3
end_of_record
SF:lib/domain/usecases/get_tv_recommendations.dart
DA:9,1
DA:11,1
DA:12,2
LF:3
LH:3
end_of_record
SF:lib/domain/usecases/get_tv_detail.dart
DA:9,1
DA:11,1
DA:12,2
LF:3
LH:3
end_of_record
SF:lib/presentation/bloc/tv_popular_cubit.dart
DA:11,1
DA:13,1
DA:14,1
DA:17,1
DA:21,1
DA:22,1
DA:23,2
DA:27,2
DA:28,1
DA:29,1
DA:30,1
DA:31,2
DA:32,1
DA:37,1
DA:38,1
DA:39,2
LF:16
LH:16
end_of_record
SF:lib/presentation/bloc/tv_popular_state.dart
DA:11,3
DA:17,2
DA:22,2
DA:23,2
DA:24,1
DA:25,1
DA:29,1
DA:30,1
DA:31,1
DA:32,1
DA:33,1
LF:11
LH:11
end_of_record
SF:lib/presentation/pages/popular_tvs_page.dart
DA:11,1
DA:13,1
DA:14,1
DA:18,1
DA:20,1
DA:21,2
DA:22,3
DA:28,1
DA:30,1
DA:31,1
DA:34,1
DA:38,1
DA:39,1
DA:40,2
DA:44,2
DA:45,1
DA:46,1
DA:47,2
DA:48,1
DA:50,2
DA:53,1
DA:55,2
LF:22
LH:22
end_of_record
SF:lib/presentation/widgets/tv_card.dart
DA:11,3
DA:13,3
DA:15,3
DA:17,3
DA:18,0
DA:19,0
DA:22,0
DA:25,3
DA:27,3
DA:28,3
DA:29,3
DA:35,3
DA:37,3
DA:38,3
DA:39,6
DA:42,3
DA:44,3
DA:45,3
DA:46,6
DA:54,3
DA:59,3
DA:60,3
DA:61,9
DA:63,6
DA:64,3
DA:66,0
DA:68,6
LF:27
LH:23
end_of_record
SF:lib/presentation/pages/tv_detail_page.dart
DA:16,1
DA:18,1
DA:19,1
DA:23,1
DA:25,1
DA:26,2
DA:27,2
DA:28,3
DA:29,3
DA:37,1
DA:39,1
DA:40,1
DA:41,1
DA:42,2
DA:43,2
DA:44,2
DA:46,2
DA:47,3
DA:50,1
DA:51,1
DA:52,1
DA:53,2
DA:59,1
DA:60,3
DA:61,2
DA:63,1
DA:64,2
DA:68,2
DA:69,1
DA:70,1
DA:71,1
DA:72,1
DA:73,1
DA:76,2
DA:77,1
DA:78,1
DA:79,1
DA:86,1
DA:99,1
DA:108,1
DA:110,3
DA:111,1
DA:112,1
DA:113,1
DA:114,3
DA:116,1
DA:119,0
DA:121,1
DA:123,1
DA:124,1
DA:125,1
DA:135,1
DA:136,1
DA:137,1
DA:139,1
DA:141,1
DA:143,1
DA:144,1
DA:145,2
DA:146,1
DA:148,1
DA:149,1
DA:150,1
DA:151,3
DA:157,4
DA:200,1
DA:202,1
DA:203,1
DA:210,1
DA:211,3
DA:213,1
DA:214,5
DA:216,1
DA:217,1
DA:218,1
DA:219,3
DA:221,1
DA:227,4
DA:231,1
DA:233,1
DA:235,1
DA:236,2
DA:239,1
DA:241,1
DA:243,2
DA:351,1
DA:353,1
DA:368,1
DA:370,1
DA:373,1
DA:375,0
DA:376,0
DA:385,1
DA:387,2
DA:388,3
DA:391,1
DA:395,3
DA:400,1
DA:401,1
DA:402,1
DA:405,1
DA:407,1
DA:408,1
DA:409,1
DA:411,1
DA:412,0
DA:413,0
DA:416,0
DA:419,1
DA:423,1
DA:426,2
DA:427,1
DA:433,0
DA:440,1
DA:445,1
LF:115
LH:108
end_of_record
SF:lib/presentation/bloc/tv_detail_cubit.dart
DA:20,1
DA:26,1
DA:27,1
DA:32,1
DA:41,1
DA:42,1
DA:43,2
DA:47,2
DA:48,2
DA:49,2
DA:50,1
DA:51,1
DA:52,1
DA:53,2
DA:54,1
DA:59,1
DA:60,1
DA:61,2
DA:65,1
DA:69,1
DA:70,1
DA:71,1
DA:72,2
DA:73,1
DA:75,1
DA:80,1
DA:81,1
DA:82,2
DA:94,1
DA:95,2
DA:96,1
DA:97,1
DA:98,1
DA:99,2
DA:101,1
DA:105,1
DA:106,1
DA:107,2
DA:116,1
DA:117,2
DA:118,1
DA:119,1
DA:120,1
DA:121,2
DA:123,1
DA:127,1
DA:128,1
DA:129,2
DA:138,1
DA:139,2
DA:140,3
LF:51
LH:51
end_of_record
SF:lib/presentation/bloc/tv_detail_state.dart
DA:17,2
DA:28,2
DA:37,2
DA:38,2
DA:39,2
DA:40,2
DA:41,2
DA:42,2
DA:43,1
DA:44,2
DA:48,1
DA:49,1
DA:50,1
DA:51,1
DA:52,1
DA:53,1
DA:54,1
DA:55,1
DA:56,1
LF:19
LH:19
end_of_record
SF:lib/presentation/bloc/tv_search_cubit.dart
DA:11,1
DA:13,1
DA:14,1
DA:17,1
DA:21,1
DA:22,1
DA:23,2
DA:26,1
DA:29,2
DA:30,1
DA:31,1
DA:32,1
DA:33,2
DA:34,1
DA:39,1
DA:40,1
DA:41,2
LF:17
LH:17
end_of_record
SF:lib/presentation/bloc/tv_search_state.dart
DA:11,3
DA:17,2
DA:22,2
DA:23,2
DA:24,1
DA:25,1
DA:29,1
DA:30,1
DA:31,1
DA:32,1
DA:33,1
LF:11
LH:11
end_of_record
SF:lib/presentation/pages/search_tv_page.dart
DA:12,1
DA:14,1
DA:16,1
DA:17,1
DA:20,1
DA:22,1
DA:24,1
DA:25,1
DA:27,1
DA:28,2
DA:40,1
DA:42,1
DA:44,1
DA:45,1
DA:46,2
DA:50,2
DA:51,1
DA:52,1
DA:54,1
DA:56,1
DA:57,1
DA:58,1
DA:60,1
DA:64,1
DA:66,1
LF:25
LH:25
end_of_record
SF:lib/presentation/bloc/tv_top_rated_cubit.dart
DA:11,1
DA:13,1
DA:14,1
DA:17,1
DA:21,1
DA:22,1
DA:23,2
DA:27,2
DA:28,1
DA:29,1
DA:30,1
DA:31,2
DA:32,1
DA:37,1
DA:38,1
DA:39,2
LF:16
LH:16
end_of_record
SF:lib/presentation/bloc/tv_top_rated_state.dart
DA:11,3
DA:17,2
DA:22,2
DA:23,2
DA:24,1
DA:25,1
DA:29,1
DA:30,1
DA:31,1
DA:32,1
DA:33,1
LF:11
LH:11
end_of_record
SF:lib/presentation/pages/top_rated_tvs_page.dart
DA:11,1
DA:13,1
DA:14,1
DA:18,1
DA:20,1
DA:21,2
DA:22,3
DA:28,1
DA:30,1
DA:31,1
DA:34,1
DA:36,1
DA:37,1
DA:38,2
DA:42,2
DA:43,1
DA:44,1
DA:45,2
DA:46,1
DA:48,2
DA:51,1
DA:53,2
LF:22
LH:22
end_of_record
SF:lib/presentation/bloc/tv_list_cubit.dart
DA:15,1
DA:19,1
DA:20,1
DA:23,1
DA:25,1
DA:27,1
DA:31,1
DA:32,1
DA:33,2
DA:37,2
DA:38,1
DA:39,1
DA:40,1
DA:41,2
DA:42,1
DA:47,1
DA:48,1
DA:49,2
DA:58,1
DA:59,1
DA:60,2
DA:64,2
DA:65,1
DA:66,1
DA:67,1
DA:68,2
DA:69,1
DA:74,1
DA:75,1
DA:76,2
DA:85,1
DA:86,1
DA:87,2
DA:91,2
DA:92,1
DA:93,1
DA:94,1
DA:95,2
DA:96,1
DA:101,1
DA:102,1
DA:103,2
LF:42
LH:42
end_of_record
SF:lib/presentation/bloc/tv_list_state.dart
DA:15,1
DA:25,1
DA:34,1
DA:35,1
DA:36,1
DA:37,1
DA:38,1
DA:39,1
DA:40,1
DA:41,1
DA:45,1
DA:46,1
DA:47,1
DA:48,1
DA:49,1
DA:50,1
DA:51,1
DA:52,1
DA:53,1
LF:19
LH:19
end_of_record
