SF:lib/domain/usecases/get_watchlists.dart
DA:9,1
DA:11,1
DA:12,2
LF:3
LH:3
end_of_record
SF:lib/domain/usecases/remove_watchlist.dart
DA:8,1
DA:10,1
DA:11,2
LF:3
LH:3
end_of_record
SF:lib/domain/usecases/get_watchlist_status.dart
DA:6,1
DA:8,1
DA:9,2
LF:3
LH:3
end_of_record
SF:lib/presentation/bloc/watchlist_cubit.dart
DA:11,1
DA:13,1
DA:21,1
DA:22,1
DA:23,2
DA:27,2
DA:28,1
DA:29,1
DA:30,1
DA:31,2
DA:32,1
DA:37,1
DA:38,1
DA:39,2
LF:14
LH:14
end_of_record
SF:lib/presentation/bloc/watchlist_state.dart
DA:11,3
DA:17,1
DA:22,1
DA:23,1
DA:24,0
DA:25,1
DA:29,1
DA:30,1
DA:31,1
DA:32,1
DA:33,1
LF:11
LH:10
end_of_record
