SF:lib/data/models/tv_created_by_model.dart
DA:5,3
DA:19,4
DA:20,2
DA:21,2
DA:22,2
DA:23,2
DA:24,2
DA:27,4
DA:28,2
DA:29,2
DA:30,2
DA:31,2
DA:32,2
DA:35,3
DA:36,3
DA:37,3
DA:38,3
DA:39,3
DA:40,3
DA:41,3
DA:45,2
DA:47,2
DA:48,2
DA:49,2
DA:50,2
DA:51,2
DA:52,2
LF:27
LH:27
end_of_record
SF:lib/domain/entities/tv_created_by.dart
DA:4,9
DA:18,3
DA:20,3
DA:21,3
DA:22,3
DA:23,3
DA:24,3
DA:25,3
LF:8
LH:8
end_of_record
SF:lib/common/exception.dart
DA:6,2
LF:1
LH:1
end_of_record
SF:lib/data/datasources/watchlist_local_data_source.dart
DA:17,1
DA:20,1
DA:22,3
DA:25,2
DA:30,1
DA:32,3
DA:35,0
DA:40,1
DA:42,3
DA:45,2
DA:50,1
DA:51,3
DA:53,1
DA:60,1
DA:61,3
DA:62,4
LF:16
LH:15
end_of_record
SF:lib/data/models/watchlist_table.dart
DA:15,3
DA:23,4
DA:24,2
DA:25,2
DA:26,2
DA:27,2
DA:31,4
DA:32,2
DA:33,2
DA:34,2
DA:35,2
DA:39,4
DA:40,2
DA:41,2
DA:42,2
DA:43,2
DA:44,2
DA:47,2
DA:48,1
DA:49,1
DA:50,1
DA:51,1
DA:52,1
DA:55,4
DA:56,2
DA:57,2
DA:58,2
DA:59,2
DA:60,2
DA:63,3
DA:65,18
LF:31
LH:31
end_of_record
SF:lib/domain/entities/genre.dart
DA:4,15
DA:12,5
DA:13,15
LF:3
LH:3
end_of_record
SF:lib/domain/entities/movie.dart
DA:4,11
DA:20,0
DA:41,2
DA:42,2
DA:43,2
DA:44,2
DA:45,2
DA:46,2
DA:47,2
DA:48,2
DA:49,2
DA:50,2
DA:51,2
DA:52,2
DA:53,2
DA:54,2
DA:55,2
LF:17
LH:16
end_of_record
SF:lib/domain/entities/movie_detail.dart
DA:5,8
DA:33,2
DA:34,2
DA:35,2
DA:36,2
DA:37,2
DA:38,2
DA:39,2
DA:40,2
DA:41,2
DA:42,2
DA:43,2
DA:44,2
DA:45,2
LF:14
LH:14
end_of_record
SF:lib/domain/entities/tv.dart
DA:4,9
DA:20,0
DA:41,2
DA:42,2
DA:43,2
DA:44,2
DA:45,2
DA:46,2
DA:47,2
DA:48,2
DA:49,2
DA:50,2
DA:51,2
DA:52,2
DA:53,2
DA:54,2
DA:55,2
LF:17
LH:16
end_of_record
SF:lib/domain/entities/tv_detail.dart
DA:11,8
DA:77,2
DA:79,2
DA:80,2
DA:81,2
DA:82,2
DA:83,2
DA:84,2
DA:85,2
DA:86,2
DA:87,2
DA:88,2
DA:89,2
DA:90,2
DA:91,2
DA:92,2
DA:93,2
DA:94,2
DA:95,2
DA:96,2
DA:97,2
DA:98,2
DA:99,2
DA:100,2
DA:101,2
DA:102,2
DA:103,2
DA:104,2
DA:105,2
DA:106,2
DA:107,2
DA:108,2
DA:109,2
DA:110,2
LF:34
LH:34
end_of_record
SF:lib/domain/entities/tv_last_episode_to_air.dart
DA:4,9
DA:28,3
DA:30,3
DA:31,3
DA:32,3
DA:33,3
DA:34,3
DA:35,3
DA:36,3
DA:37,3
DA:38,3
DA:39,3
DA:40,3
LF:13
LH:13
end_of_record
SF:lib/domain/entities/tv_network.dart
DA:4,9
DA:16,3
DA:17,3
DA:18,3
DA:19,3
DA:20,3
DA:21,3
LF:7
LH:7
end_of_record
SF:lib/domain/entities/tv_production_country.dart
DA:4,9
DA:12,3
DA:14,3
DA:15,3
DA:16,3
LF:5
LH:5
end_of_record
SF:lib/domain/entities/tv_season.dart
DA:4,9
DA:22,3
DA:24,3
DA:25,3
DA:26,3
DA:27,3
DA:28,3
DA:29,3
DA:30,3
DA:31,3
LF:10
LH:10
end_of_record
SF:lib/domain/entities/tv_spoken_language.dart
DA:4,9
DA:14,3
DA:16,3
DA:17,3
DA:18,3
DA:19,3
LF:6
LH:6
end_of_record
SF:lib/domain/entities/watchlist.dart
DA:11,4
DA:19,2
DA:20,12
LF:3
LH:3
end_of_record
SF:lib/common/failure.dart
DA:6,13
DA:8,3
DA:9,6
DA:13,22
DA:17,4
DA:21,8
LF:6
LH:6
end_of_record
SF:lib/data/datasources/db/database_helper.dart
DA:8,0
DA:12,0
DA:16,0
DA:18,0
DA:25,0
DA:26,0
DA:27,0
DA:29,0
DA:33,0
DA:34,0
DA:42,0
DA:47,0
DA:48,0
DA:49,0
DA:50,0
DA:51,0
DA:54,0
DA:55,0
DA:56,0
DA:57,0
DA:58,0
DA:61,0
DA:62,0
DA:63,0
DA:66,0
DA:70,0
DA:71,0
DA:72,0
DA:75,0
DA:78,0
DA:79,0
DA:85,0
DA:86,0
DA:87,0
LF:34
LH:0
end_of_record
SF:lib/data/datasources/movie_remote_data_source.dart
DA:24,1
DA:27,1
DA:29,5
DA:31,2
DA:32,4
DA:34,1
DA:39,1
DA:41,5
DA:43,2
DA:44,3
DA:46,1
DA:51,1
DA:52,2
DA:53,3
DA:55,2
DA:56,4
DA:58,1
DA:63,1
DA:65,5
DA:67,2
DA:68,4
DA:70,1
DA:75,1
DA:77,5
DA:79,2
DA:80,4
DA:82,1
DA:87,1
DA:88,2
DA:89,3
DA:91,2
DA:92,4
DA:94,1
LF:33
LH:33
end_of_record
SF:lib/data/datasources/tv_remote_data_source.dart
DA:23,1
DA:26,1
DA:27,5
DA:29,2
DA:30,4
DA:32,1
DA:37,1
DA:38,5
DA:40,2
DA:41,4
DA:43,1
DA:48,1
DA:49,5
DA:51,2
DA:52,4
DA:54,1
DA:59,1
DA:61,5
DA:63,2
DA:64,3
DA:66,1
DA:71,1
DA:72,2
DA:73,3
DA:75,2
DA:76,4
DA:78,1
DA:83,1
DA:84,5
DA:86,2
DA:87,4
DA:89,1
LF:32
LH:32
end_of_record
SF:lib/data/models/movie_detail_response.dart
DA:6,3
DA:52,2
DA:53,2
DA:54,2
DA:55,2
DA:56,2
DA:57,2
DA:58,8
DA:59,2
DA:60,2
DA:61,2
DA:62,2
DA:63,2
DA:64,2
DA:65,4
DA:66,2
DA:67,2
DA:68,2
DA:69,2
DA:70,2
DA:71,2
DA:72,2
DA:73,2
DA:74,4
DA:75,2
DA:78,2
DA:79,1
DA:80,1
DA:81,1
DA:82,5
DA:83,1
DA:84,1
DA:85,1
DA:86,1
DA:87,1
DA:88,1
DA:89,1
DA:90,1
DA:91,1
DA:92,1
DA:93,1
DA:94,1
DA:95,1
DA:96,1
DA:97,1
DA:98,1
DA:99,1
DA:102,2
DA:103,2
DA:104,2
DA:105,2
DA:106,10
DA:107,2
DA:108,2
DA:109,2
DA:110,2
DA:111,2
DA:112,2
DA:113,2
DA:114,2
DA:115,2
DA:119,2
DA:121,2
DA:122,2
DA:123,2
DA:124,2
DA:125,2
DA:126,2
DA:127,2
DA:128,2
DA:129,2
DA:130,2
DA:131,2
DA:132,2
DA:133,2
DA:134,2
DA:135,2
DA:136,2
DA:137,2
DA:138,2
DA:139,2
DA:140,2
DA:141,2
DA:142,2
LF:84
LH:84
end_of_record
SF:lib/data/models/movie_model.dart
DA:5,4
DA:35,4
DA:36,2
DA:37,2
DA:38,8
DA:39,2
DA:40,2
DA:41,2
DA:42,4
DA:43,2
DA:44,2
DA:45,2
DA:46,2
DA:47,4
DA:48,2
DA:51,2
DA:52,1
DA:53,1
DA:54,4
DA:55,1
DA:56,1
DA:57,1
DA:58,1
DA:59,1
DA:60,1
DA:61,1
DA:62,1
DA:63,1
DA:64,1
DA:67,2
DA:68,2
DA:69,2
DA:70,2
DA:71,2
DA:72,2
DA:73,2
DA:74,2
DA:75,2
DA:76,2
DA:77,2
DA:78,2
DA:79,2
DA:80,2
DA:81,2
DA:85,2
DA:86,2
DA:87,2
DA:88,2
DA:89,2
DA:90,2
DA:91,2
DA:92,2
DA:93,2
DA:94,2
DA:95,2
DA:96,2
DA:97,2
DA:98,2
DA:99,2
LF:59
LH:59
end_of_record
SF:lib/data/models/tv_detail_response.dart
DA:12,3
DA:78,4
DA:79,2
DA:80,8
DA:81,8
DA:82,2
DA:83,10
DA:84,2
DA:85,2
DA:86,2
DA:87,8
DA:88,2
DA:89,4
DA:90,2
DA:91,2
DA:92,10
DA:93,2
DA:94,2
DA:95,8
DA:96,2
DA:97,2
DA:98,2
DA:99,4
DA:100,2
DA:101,10
DA:102,10
DA:103,10
DA:104,10
DA:105,2
DA:106,2
DA:107,2
DA:108,4
DA:109,2
DA:112,2
DA:113,1
DA:114,5
DA:115,4
DA:116,1
DA:117,5
DA:118,1
DA:119,1
DA:120,1
DA:121,4
DA:122,1
DA:123,2
DA:124,1
DA:125,1
DA:126,5
DA:127,1
DA:128,1
DA:129,4
DA:130,1
DA:131,1
DA:132,1
DA:133,1
DA:134,1
DA:135,5
DA:136,5
DA:137,5
DA:138,5
DA:139,1
DA:140,1
DA:141,1
DA:142,1
DA:143,1
DA:146,2
DA:147,2
DA:148,2
DA:149,10
DA:150,2
DA:151,2
DA:152,10
DA:153,2
DA:154,2
DA:155,2
DA:156,2
DA:157,2
DA:158,4
DA:159,2
DA:160,2
DA:161,10
DA:162,2
DA:163,2
DA:164,2
DA:165,2
DA:166,2
DA:167,2
DA:168,2
DA:169,2
DA:170,10
DA:171,10
DA:172,10
DA:173,10
DA:174,2
DA:175,2
DA:176,2
DA:177,2
DA:178,2
DA:182,2
DA:184,2
DA:185,2
DA:186,2
DA:187,2
DA:188,2
DA:189,2
DA:190,2
DA:191,2
DA:192,2
DA:193,2
DA:194,2
DA:195,2
DA:196,2
DA:197,2
DA:198,2
DA:199,2
DA:200,2
DA:201,2
DA:202,2
DA:203,2
DA:204,2
DA:205,2
DA:206,2
DA:207,2
DA:208,2
DA:209,2
DA:210,2
DA:211,2
DA:212,2
DA:213,2
DA:214,2
DA:215,2
LF:131
LH:131
end_of_record
SF:lib/data/models/tv_model.dart
DA:5,4
DA:35,6
DA:36,3
DA:37,6
DA:38,3
DA:39,3
DA:40,6
DA:41,3
DA:42,3
DA:43,12
DA:44,12
DA:45,3
DA:46,3
DA:47,3
DA:48,3
DA:51,4
DA:52,2
DA:53,2
DA:54,2
DA:55,2
DA:56,2
DA:57,2
DA:58,2
DA:59,8
DA:60,8
DA:61,2
DA:62,2
DA:63,2
DA:64,2
DA:67,2
DA:68,2
DA:69,2
DA:70,2
DA:71,2
DA:72,2
DA:73,2
DA:74,2
DA:75,2
DA:76,2
DA:77,2
DA:78,2
DA:79,2
DA:80,2
DA:81,2
DA:85,3
DA:86,3
DA:87,3
DA:88,3
DA:89,3
DA:90,3
DA:91,3
DA:92,3
DA:93,3
DA:94,3
DA:95,3
DA:96,3
DA:97,3
DA:98,3
DA:99,3
LF:59
LH:59
end_of_record
SF:lib/data/models/movie_response.dart
DA:7,2
DA:9,4
DA:10,4
DA:11,6
DA:12,6
DA:15,2
DA:16,5
DA:19,1
DA:20,2
LF:9
LH:9
end_of_record
SF:lib/data/models/tv_response.dart
DA:7,2
DA:9,4
DA:10,4
DA:11,6
DA:12,6
DA:15,2
DA:16,5
DA:19,1
DA:20,2
LF:9
LH:9
end_of_record
SF:lib/data/models/genre_model.dart
DA:5,7
DA:13,10
DA:14,5
DA:15,5
DA:18,6
DA:19,3
DA:20,3
DA:23,5
DA:24,15
DA:27,5
DA:28,15
LF:11
LH:11
end_of_record
SF:lib/data/models/tv_last_episode_to_air_model.dart
DA:5,4
DA:29,6
DA:30,6
DA:31,3
DA:32,3
DA:33,3
DA:34,3
DA:35,3
DA:36,3
DA:37,3
DA:38,6
DA:39,3
DA:42,4
DA:43,26
DA:44,2
DA:45,2
DA:46,2
DA:47,2
DA:48,2
DA:49,2
DA:50,2
DA:51,2
DA:52,2
DA:55,3
DA:56,3
DA:57,3
DA:58,3
DA:59,3
DA:60,3
DA:61,3
DA:62,3
DA:63,3
DA:64,3
DA:65,3
DA:66,3
DA:70,3
DA:72,3
DA:73,3
DA:74,3
DA:75,3
DA:76,3
DA:77,3
DA:78,3
DA:79,3
DA:80,3
DA:81,3
DA:82,3
LF:47
LH:47
end_of_record
SF:lib/data/models/tv_network_model.dart
DA:5,4
DA:17,6
DA:18,3
DA:19,3
DA:20,3
DA:21,3
DA:24,4
DA:25,2
DA:26,2
DA:27,4
DA:28,2
DA:31,3
DA:32,3
DA:33,3
DA:34,3
DA:35,3
DA:36,3
DA:40,3
DA:41,3
DA:42,3
DA:43,3
DA:44,3
DA:45,3
LF:23
LH:23
end_of_record
SF:lib/data/models/tv_production_country_model.dart
DA:5,4
DA:13,6
DA:14,3
DA:15,3
DA:18,4
DA:19,2
DA:20,2
DA:23,3
DA:24,3
DA:25,3
DA:26,3
DA:30,3
DA:32,3
DA:33,3
DA:34,3
LF:15
LH:15
end_of_record
SF:lib/data/models/tv_season_model.dart
DA:5,4
DA:23,6
DA:24,9
DA:25,3
DA:26,3
DA:27,3
DA:28,3
DA:29,3
DA:30,3
DA:33,4
DA:34,26
DA:35,2
DA:36,2
DA:37,2
DA:38,2
DA:39,2
DA:40,2
DA:43,3
DA:44,3
DA:45,3
DA:46,3
DA:47,3
DA:48,3
DA:49,3
DA:50,3
DA:51,3
DA:55,3
DA:57,3
DA:58,3
DA:59,3
DA:60,3
DA:61,3
DA:62,3
DA:63,3
DA:64,3
LF:35
LH:35
end_of_record
SF:lib/data/models/tv_spoken_language_model.dart
DA:5,4
DA:15,6
DA:16,3
DA:17,3
DA:18,3
DA:21,4
DA:22,2
DA:23,2
DA:24,2
DA:27,3
DA:28,3
DA:29,3
DA:30,3
DA:31,3
DA:35,3
DA:37,3
DA:38,3
DA:39,3
DA:40,3
LF:19
LH:19
end_of_record
SF:lib/data/repositories/movie_repository_impl.dart
DA:14,1
DA:19,1
DA:21,3
DA:22,5
DA:23,1
DA:24,2
DA:25,1
DA:26,2
DA:31,1
DA:33,3
DA:34,2
DA:35,1
DA:36,2
DA:37,1
DA:38,2
DA:43,1
DA:45,3
DA:46,3
DA:47,1
DA:48,2
DA:49,1
DA:50,2
DA:55,1
DA:57,3
DA:58,5
DA:59,1
DA:60,2
DA:61,1
DA:62,2
DA:67,1
DA:69,3
DA:70,5
DA:71,1
DA:72,2
DA:73,1
DA:74,2
DA:79,1
DA:81,3
DA:82,5
DA:83,1
DA:84,2
DA:85,1
DA:86,2
LF:43
LH:43
end_of_record
SF:lib/data/repositories/watchlist_repository_impl.dart
DA:16,1
DA:21,1
DA:23,4
DA:24,1
DA:25,1
DA:26,3
DA:33,1
DA:35,4
DA:36,1
DA:37,1
DA:38,3
DA:45,1
DA:48,3
DA:49,1
DA:50,1
DA:51,3
DA:56,1
DA:57,3
DA:62,1
DA:63,3
DA:64,5
LF:21
LH:21
end_of_record
SF:lib/data/repositories/tv_repository_impl.dart
DA:14,1
DA:19,1
DA:21,3
DA:22,5
DA:23,1
DA:24,2
DA:25,1
DA:26,2
DA:31,1
DA:33,3
DA:34,2
DA:35,1
DA:36,2
DA:37,1
DA:38,2
DA:43,1
DA:45,3
DA:46,3
DA:47,1
DA:48,2
DA:49,1
DA:50,2
DA:55,1
DA:57,3
DA:58,5
DA:59,1
DA:60,2
DA:61,1
DA:62,2
DA:67,1
DA:69,3
DA:70,5
DA:71,1
DA:72,2
DA:73,1
DA:74,2
DA:79,1
DA:81,3
DA:82,5
DA:83,1
DA:84,2
DA:85,1
DA:86,2
LF:43
LH:43
end_of_record
SF:lib/domain/usecases/save_movie_watchlist.dart
DA:9,1
DA:11,1
DA:12,2
LF:3
LH:3
end_of_record
SF:lib/domain/usecases/get_top_rated_movies.dart
DA:9,1
DA:11,1
DA:12,2
LF:3
LH:3
end_of_record
SF:lib/domain/usecases/get_movie_detail.dart
DA:9,1
DA:11,1
DA:12,2
LF:3
LH:3
end_of_record
SF:lib/domain/usecases/get_popular_movies.dart
DA:9,1
DA:11,1
DA:12,2
LF:3
LH:3
end_of_record
SF:lib/domain/usecases/get_popular_tvs.dart
DA:9,1
DA:11,1
DA:12,2
LF:3
LH:3
end_of_record
SF:lib/domain/usecases/get_top_rated_tvs.dart
DA:9,1
DA:11,1
DA:12,2
LF:3
LH:3
end_of_record
SF:lib/domain/usecases/search_tvs.dart
DA:9,1
DA:11,1
DA:12,2
LF:3
LH:3
end_of_record
SF:lib/domain/usecases/save_tv_watchlist.dart
DA:10,1
DA:12,1
DA:13,2
LF:3
LH:3
end_of_record
SF:lib/domain/usecases/get_now_playing_tvs.dart
DA:9,1
DA:11,1
DA:12,2
LF:3
LH:3
end_of_record
SF:lib/domain/usecases/get_movie_recommendations.dart
DA:9,1
DA:11,1
DA:12,2
LF:3
LH:3
end_of_record
SF:lib/domain/usecases/get_watchlists.dart
DA:9,1
DA:11,1
DA:12,2
LF:3
LH:3
end_of_record
SF:lib/domain/usecases/get_now_playing_movies.dart
DA:9,1
DA:11,1
DA:12,2
LF:3
LH:3
end_of_record
SF:lib/domain/usecases/get_tv_recommendations.dart
DA:9,1
DA:11,1
DA:12,2
LF:3
LH:3
end_of_record
SF:lib/domain/usecases/remove_watchlist.dart
DA:8,1
DA:10,1
DA:11,2
LF:3
LH:3
end_of_record
SF:lib/domain/usecases/search_movies.dart
DA:9,1
DA:11,1
DA:12,2
LF:3
LH:3
end_of_record
SF:lib/domain/usecases/get_tv_detail.dart
DA:9,1
DA:11,1
DA:12,2
LF:3
LH:3
end_of_record
SF:lib/domain/usecases/get_watchlist_status.dart
DA:6,1
DA:8,1
DA:9,2
LF:3
LH:3
end_of_record
SF:lib/presentation/provider/movie_detail_notifier.dart
DA:22,1
DA:31,2
DA:34,2
DA:37,2
DA:40,2
DA:43,2
DA:46,2
DA:48,1
DA:49,1
DA:50,1
DA:51,3
DA:52,3
DA:53,1
DA:54,1
DA:55,1
DA:56,2
DA:57,1
DA:59,1
DA:60,1
DA:61,1
DA:62,1
DA:63,1
DA:64,1
DA:65,1
DA:66,2
DA:68,1
DA:69,1
DA:70,1
DA:73,1
DA:74,1
DA:80,2
DA:82,1
DA:83,3
DA:85,2
DA:86,1
DA:87,2
DA:89,1
DA:90,1
DA:94,3
DA:97,1
DA:98,4
DA:100,2
DA:101,0
DA:102,0
DA:104,1
DA:105,1
DA:109,3
DA:112,1
DA:113,3
DA:114,1
DA:115,1
LF:51
LH:49
end_of_record
SF:lib/common/state_enum.dart
DA:1,16
LF:1
LH:1
end_of_record
SF:lib/presentation/provider/tv_list_notifier.dart
DA:12,2
DA:14,2
DA:18,2
DA:20,2
DA:24,2
DA:26,2
DA:29,2
DA:31,1
DA:41,1
DA:42,1
DA:43,1
DA:45,3
DA:46,1
DA:47,1
DA:48,1
DA:49,2
DA:50,1
DA:52,1
DA:53,1
DA:54,1
DA:55,1
DA:60,1
DA:61,1
DA:62,1
DA:64,3
DA:65,1
DA:66,1
DA:67,1
DA:68,2
DA:69,1
DA:71,1
DA:72,1
DA:73,1
DA:74,1
DA:79,1
DA:80,1
DA:81,1
DA:83,3
DA:84,1
DA:85,1
DA:86,1
DA:87,2
DA:88,1
DA:90,1
DA:91,1
DA:92,1
DA:93,1
LF:47
LH:47
end_of_record
SF:lib/presentation/provider/popular_movies_notifier.dart
DA:9,1
DA:12,2
DA:15,2
DA:18,2
DA:20,1
DA:21,1
DA:22,1
DA:24,3
DA:26,1
DA:27,1
DA:28,2
DA:29,1
DA:30,1
DA:32,1
DA:33,1
DA:34,1
DA:35,1
LF:17
LH:17
end_of_record
SF:lib/presentation/provider/movie_list_notifier.dart
DA:10,2
DA:13,2
DA:16,2
DA:19,2
DA:22,2
DA:25,2
DA:28,2
DA:30,1
DA:40,1
DA:41,1
DA:42,1
DA:44,3
DA:45,1
DA:46,1
DA:47,1
DA:48,2
DA:49,1
DA:51,1
DA:52,1
DA:53,1
DA:54,1
DA:59,1
DA:60,1
DA:61,1
DA:63,3
DA:64,1
DA:65,1
DA:66,1
DA:67,2
DA:68,1
DA:70,1
DA:71,1
DA:72,1
DA:73,1
DA:78,1
DA:79,1
DA:80,1
DA:82,3
DA:83,1
DA:84,1
DA:85,1
DA:86,2
DA:87,1
DA:89,1
DA:90,1
DA:91,1
DA:92,1
LF:47
LH:47
end_of_record
SF:lib/presentation/provider/watchlist_notifier.dart
DA:10,2
DA:12,2
DA:15,2
DA:17,1
DA:21,1
DA:22,1
DA:23,1
DA:25,3
DA:26,1
DA:27,1
DA:28,1
DA:29,2
DA:30,1
DA:32,1
DA:33,1
DA:34,1
DA:35,1
LF:17
LH:17
end_of_record
SF:lib/presentation/provider/top_rated_tvs_notifier.dart
DA:9,1
DA:12,2
DA:14,2
DA:17,2
DA:19,1
DA:20,1
DA:21,1
DA:23,3
DA:25,1
DA:26,1
DA:27,2
DA:28,1
DA:29,1
DA:31,1
DA:32,1
DA:33,1
DA:34,1
LF:17
LH:17
end_of_record
SF:lib/presentation/provider/movie_search_notifier.dart
DA:9,1
DA:12,2
DA:15,2
DA:18,2
DA:20,1
DA:21,1
DA:22,1
DA:24,3
DA:25,1
DA:26,1
DA:27,2
DA:28,1
DA:29,1
DA:31,1
DA:32,1
DA:33,1
DA:34,1
LF:17
LH:17
end_of_record
SF:lib/presentation/provider/popular_tvs_notifier.dart
DA:9,1
DA:12,2
DA:14,2
DA:17,2
DA:19,1
DA:20,1
DA:21,1
DA:23,3
DA:25,1
DA:26,1
DA:27,2
DA:28,1
DA:29,1
DA:31,1
DA:32,1
DA:33,1
DA:34,1
LF:17
LH:17
end_of_record
SF:lib/presentation/provider/tv_detail_notifier.dart
DA:24,1
DA:33,2
DA:35,2
DA:38,2
DA:40,2
DA:43,2
DA:46,2
DA:48,1
DA:49,1
DA:50,1
DA:51,3
DA:52,3
DA:53,1
DA:54,1
DA:55,1
DA:56,2
DA:57,1
DA:59,1
DA:60,1
DA:61,1
DA:62,1
DA:63,1
DA:64,1
DA:65,1
DA:66,2
DA:68,1
DA:69,1
DA:70,1
DA:73,1
DA:74,1
DA:80,2
DA:82,1
DA:83,3
DA:85,2
DA:86,1
DA:87,2
DA:89,1
DA:90,1
DA:94,3
DA:97,1
DA:98,4
DA:100,2
DA:101,0
DA:102,0
DA:104,1
DA:105,1
DA:109,3
DA:112,1
DA:113,3
DA:114,1
DA:115,1
LF:51
LH:49
end_of_record
SF:lib/presentation/provider/top_rated_movies_notifier.dart
DA:9,1
DA:12,2
DA:15,2
DA:18,2
DA:20,1
DA:21,1
DA:22,1
DA:24,3
DA:26,1
DA:27,1
DA:28,2
DA:29,1
DA:30,1
DA:32,1
DA:33,1
DA:34,1
DA:35,1
LF:17
LH:17
end_of_record
SF:lib/presentation/pages/top_rated_movies_page.dart
DA:10,1
DA:11,1
DA:15,1
DA:17,1
DA:18,2
DA:19,2
DA:20,1
DA:23,1
DA:25,1
DA:26,1
DA:27,1
DA:29,1
DA:31,1
DA:32,1
DA:33,2
DA:34,1
DA:35,1
DA:37,2
DA:38,1
DA:39,1
DA:40,2
DA:41,1
DA:43,2
DA:46,1
DA:47,1
DA:48,2
LF:26
LH:26
end_of_record
SF:lib/presentation/widgets/movie_card_list.dart
DA:10,2
DA:12,2
DA:14,2
DA:16,2
DA:17,0
DA:18,0
DA:21,0
DA:24,2
DA:26,2
DA:27,2
DA:28,2
DA:34,2
DA:36,2
DA:37,2
DA:38,4
DA:41,2
DA:43,2
DA:44,2
DA:45,4
DA:53,2
DA:58,2
DA:59,2
DA:60,6
DA:62,4
DA:63,2
DA:65,0
DA:67,4
LF:27
LH:23
end_of_record
SF:lib/common/constants.dart
DA:15,4
DA:16,2
DA:17,18
DA:19,0
DA:21,0
DA:25,0
DA:26,0
DA:27,0
DA:28,0
DA:29,0
LF:10
LH:3
end_of_record
SF:lib/presentation/pages/movie_detail_page.dart
DA:16,1
DA:18,1
DA:19,1
DA:23,1
DA:25,1
DA:26,2
DA:27,2
DA:28,3
DA:29,2
DA:30,3
DA:34,1
DA:36,1
DA:37,1
DA:38,1
DA:39,2
DA:40,1
DA:41,1
DA:43,2
DA:44,1
DA:45,1
DA:46,1
DA:48,1
DA:49,1
DA:53,2
DA:66,1
DA:68,1
DA:70,3
DA:71,1
DA:72,1
DA:73,1
DA:74,3
DA:76,2
DA:77,1
DA:79,0
DA:81,1
DA:83,1
DA:84,1
DA:85,1
DA:86,1
DA:88,2
DA:95,1
DA:96,1
DA:97,1
DA:99,1
DA:101,1
DA:103,1
DA:104,1
DA:105,2
DA:106,1
DA:108,1
DA:109,1
DA:110,1
DA:111,2
DA:114,2
DA:116,2
DA:119,2
DA:123,1
DA:125,1
DA:127,1
DA:130,1
DA:133,2
DA:134,2
DA:136,1
DA:138,1
DA:139,1
DA:140,1
DA:145,1
DA:147,1
DA:148,1
DA:149,1
DA:150,1
DA:151,1
DA:155,1
DA:156,3
DA:158,1
DA:159,3
DA:161,1
DA:162,1
DA:163,1
DA:164,3
DA:166,2
DA:172,4
DA:175,1
DA:176,1
DA:178,1
DA:180,1
DA:181,2
DA:183,1
DA:184,1
DA:186,1
DA:188,1
DA:189,1
DA:190,2
DA:192,1
DA:193,1
DA:194,1
DA:197,2
DA:199,2
DA:200,2
DA:202,1
DA:203,1
DA:205,1
DA:207,1
DA:208,2
DA:209,1
DA:211,1
DA:212,0
DA:213,0
DA:216,0
DA:219,1
DA:220,1
DA:221,1
DA:223,1
DA:224,1
DA:226,2
DA:227,1
DA:228,1
DA:230,1
DA:233,0
DA:234,0
DA:240,2
DA:244,1
DA:245,1
DA:254,1
DA:256,1
DA:271,1
DA:273,1
DA:276,1
DA:277,1
DA:278,0
DA:279,0
DA:288,1
DA:290,2
DA:291,3
DA:294,1
DA:298,3
DA:301,1
DA:302,1
DA:303,1
DA:305,1
DA:306,1
DA:308,0
LF:142
LH:133
end_of_record
SF:lib/presentation/pages/popular_tvs_page.dart
DA:12,1
DA:13,1
DA:17,1
DA:19,1
DA:20,2
DA:21,2
DA:22,1
DA:25,1
DA:27,1
DA:28,1
DA:29,1
DA:31,1
DA:33,1
DA:34,1
DA:35,2
DA:36,1
DA:37,1
DA:39,2
DA:40,1
DA:41,1
DA:42,2
DA:43,1
DA:45,2
DA:48,1
DA:49,1
DA:50,2
LF:26
LH:26
end_of_record
SF:lib/presentation/widgets/tv_card.dart
DA:11,2
DA:13,2
DA:15,2
DA:17,2
DA:18,0
DA:19,0
DA:22,0
DA:25,2
DA:27,2
DA:28,2
DA:29,2
DA:35,2
DA:37,2
DA:38,2
DA:39,4
DA:42,2
DA:44,2
DA:45,2
DA:46,4
DA:54,2
DA:59,2
DA:60,2
DA:61,6
DA:63,4
DA:64,2
DA:66,0
DA:68,4
LF:27
LH:23
end_of_record
SF:lib/presentation/pages/tv_detail_page.dart
DA:17,1
DA:19,1
DA:20,1
DA:24,1
DA:26,1
DA:27,2
DA:28,2
DA:29,3
DA:30,2
DA:31,3
DA:35,1
DA:37,1
DA:38,1
DA:39,1
DA:40,2
DA:41,1
DA:42,1
DA:44,2
DA:45,1
DA:46,1
DA:47,1
DA:49,1
DA:50,1
DA:54,2
DA:67,1
DA:69,1
DA:71,3
DA:72,1
DA:73,1
DA:74,1
DA:75,3
DA:77,2
DA:78,1
DA:80,0
DA:82,1
DA:84,1
DA:85,1
DA:86,1
DA:87,1
DA:89,2
DA:96,1
DA:97,1
DA:98,1
DA:100,1
DA:102,1
DA:104,1
DA:105,1
DA:106,2
DA:107,1
DA:109,1
DA:110,1
DA:111,1
DA:112,2
DA:115,2
DA:117,2
DA:120,2
DA:124,1
DA:126,1
DA:128,1
DA:129,1
DA:131,2
DA:132,2
DA:134,1
DA:136,1
DA:137,1
DA:138,1
DA:143,1
DA:145,1
DA:146,1
DA:147,1
DA:148,1
DA:149,1
DA:153,1
DA:154,3
DA:156,1
DA:157,5
DA:159,1
DA:160,1
DA:161,1
DA:162,3
DA:164,2
DA:170,4
DA:173,1
DA:174,1
DA:176,1
DA:178,1
DA:179,2
DA:181,1
DA:182,1
DA:184,1
DA:186,1
DA:187,1
DA:188,2
DA:190,1
DA:191,1
DA:192,1
DA:195,2
DA:197,2
DA:198,2
DA:200,1
DA:201,1
DA:203,1
DA:205,1
DA:206,2
DA:207,1
DA:209,1
DA:210,0
DA:211,0
DA:214,0
DA:217,1
DA:218,1
DA:219,1
DA:221,1
DA:222,1
DA:224,2
DA:225,1
DA:226,1
DA:228,1
DA:231,0
DA:232,0
DA:238,2
DA:242,1
DA:243,1
DA:252,1
DA:254,1
DA:269,1
DA:271,1
DA:274,1
DA:275,1
DA:276,0
DA:277,0
DA:286,1
DA:288,2
DA:289,3
DA:292,1
DA:296,3
LF:136
LH:128
end_of_record
SF:lib/presentation/pages/popular_movies_page.dart
DA:10,1
DA:11,1
DA:15,1
DA:17,1
DA:18,2
DA:19,2
DA:20,1
DA:23,1
DA:25,1
DA:26,1
DA:27,1
DA:29,1
DA:31,1
DA:32,1
DA:33,2
DA:34,1
DA:35,1
DA:37,2
DA:38,1
DA:39,1
DA:40,2
DA:41,1
DA:43,2
DA:46,1
DA:47,1
DA:48,2
LF:26
LH:26
end_of_record
SF:lib/presentation/pages/top_rated_tvs_page.dart
DA:11,1
DA:12,1
DA:16,1
DA:18,1
DA:19,2
DA:20,2
DA:21,1
DA:24,1
DA:26,1
DA:27,1
DA:28,1
DA:30,1
DA:32,1
DA:33,1
DA:34,2
DA:35,1
DA:36,1
DA:38,2
DA:39,1
DA:40,1
DA:41,2
DA:42,1
DA:44,2
DA:47,1
DA:48,1
DA:49,2
LF:26
LH:26
end_of_record
